22-05-18_12:55:15 (main) INFO  [DataNucleus.Enhancer] - DataNucleus Enhancer (versión 5.1.2) para el API "JDO" utilisando el JRE "{2}"
22-05-18_12:55:15 (main) INFO  [DataNucleus.Enhancer] - Escribiendo el archivo de clase "C:\Users\PC\git\EasyBookingServer\EasyBookingServer\bin\Data\Usuario.class" con definicion enhanced
22-05-18_12:55:15 (main) INFO  [DataNucleus.Enhancer] - Escribiendo el archivo de clase "C:\Users\PC\git\EasyBookingServer\EasyBookingServer\bin\Data\Vuelo.class" con definicion enhanced
22-05-18_12:55:15 (main) INFO  [DataNucleus.Enhancer] - DataNucleus Enhancer ha terminado con exito para 2 clases.
22-05-18_12:55:16 (main) INFO  [DataNucleus.SchemaTool] - DataNucleus SchemaTool : Creación del esquema para clases
22-05-18_12:55:16 (main) INFO  [DataNucleus.SchemaTool] - DataNucleus SchemaTool : Classpath
22-05-18_12:55:16 (main) INFO  [DataNucleus.SchemaTool] - >>  C:\Users\PC\git\EasyBookingServer\EasyBookingServer\lib\datanucleus-api-jdo-5.1.2.jar
22-05-18_12:55:16 (main) INFO  [DataNucleus.SchemaTool] - >>  C:\Users\PC\git\EasyBookingServer\EasyBookingServer\lib\datanucleus-cache-5.1.0-release.jar
22-05-18_12:55:16 (main) INFO  [DataNucleus.SchemaTool] - >>  C:\Users\PC\git\EasyBookingServer\EasyBookingServer\lib\datanucleus-core-5.1.2.jar
22-05-18_12:55:16 (main) INFO  [DataNucleus.SchemaTool] - >>  C:\Users\PC\git\EasyBookingServer\EasyBookingServer\lib\datanucleus-rdbms-5.1.2.jar
22-05-18_12:55:16 (main) INFO  [DataNucleus.SchemaTool] - >>  C:\Users\PC\git\EasyBookingServer\EasyBookingServer\lib\javax.jdo-3.2.0-m7.jar
22-05-18_12:55:16 (main) INFO  [DataNucleus.SchemaTool] - >>  C:\Users\PC\git\EasyBookingServer\EasyBookingServer\lib\log4j-1.2.14.jar
22-05-18_12:55:16 (main) INFO  [DataNucleus.SchemaTool] - >>  C:\Users\PC\git\EasyBookingServer\EasyBookingServer\lib\mysql-connector-java-5.1.44.jar
22-05-18_12:55:16 (main) INFO  [DataNucleus.SchemaTool] - >>  C:\Users\PC\git\EasyBookingServer\EasyBookingServer\bin
22-05-18_12:55:16 (main) INFO  [DataNucleus.SchemaTool] - >>  C:\Users\PC\git\EasyBookingServer\EasyBookingServer\resources
22-05-18_12:55:16 (main) INFO  [DataNucleus.Persistence] - Propiedad datanucleus.autocreateall desconocida - vamos a ignorarla
22-05-18_12:55:17 (main) ERROR [DataNucleus.Datastore.Schema] - La inicialización del base de datos ha fallado.
Access denied for user 'sd'@'localhost' to database 'inventorydb'
org.datanucleus.exceptions.NucleusDataStoreException: Access denied for user 'sd'@'localhost' to database 'inventorydb'
	at org.datanucleus.store.rdbms.ConnectionFactoryImpl$ManagedConnectionImpl.getConnection(ConnectionFactoryImpl.java:518)
	at org.datanucleus.store.rdbms.RDBMSStoreManager.<init>(RDBMSStoreManager.java:290)
	at sun.reflect.NativeConstructorAccessorImpl.newInstance0(Native Method)
	at sun.reflect.NativeConstructorAccessorImpl.newInstance(Unknown Source)
	at sun.reflect.DelegatingConstructorAccessorImpl.newInstance(Unknown Source)
	at java.lang.reflect.Constructor.newInstance(Unknown Source)
	at org.datanucleus.plugin.NonManagedPluginRegistry.createExecutableExtension(NonManagedPluginRegistry.java:626)
	at org.datanucleus.plugin.PluginManager.createExecutableExtension(PluginManager.java:295)
	at org.datanucleus.NucleusContextHelper.createStoreManagerForProperties(NucleusContextHelper.java:140)
	at org.datanucleus.PersistenceNucleusContextImpl.initialise(PersistenceNucleusContextImpl.java:445)
	at org.datanucleus.store.schema.SchemaTool.getNucleusContextForMode(SchemaTool.java:729)
	at org.datanucleus.store.schema.SchemaTool.main(SchemaTool.java:300)
Caused by: com.mysql.jdbc.exceptions.jdbc4.MySQLSyntaxErrorException: Access denied for user 'sd'@'localhost' to database 'inventorydb'
	at sun.reflect.NativeConstructorAccessorImpl.newInstance0(Native Method)
	at sun.reflect.NativeConstructorAccessorImpl.newInstance(Unknown Source)
	at sun.reflect.DelegatingConstructorAccessorImpl.newInstance(Unknown Source)
	at java.lang.reflect.Constructor.newInstance(Unknown Source)
	at com.mysql.jdbc.Util.handleNewInstance(Util.java:425)
	at com.mysql.jdbc.Util.getInstance(Util.java:408)
	at com.mysql.jdbc.SQLError.createSQLException(SQLError.java:943)
	at com.mysql.jdbc.MysqlIO.checkErrorPacket(MysqlIO.java:3973)
	at com.mysql.jdbc.MysqlIO.checkErrorPacket(MysqlIO.java:3909)
	at com.mysql.jdbc.MysqlIO.checkErrorPacket(MysqlIO.java:873)
	at com.mysql.jdbc.MysqlIO.proceedHandshakeWithPluggableAuthentication(MysqlIO.java:1710)
	at com.mysql.jdbc.MysqlIO.doHandshake(MysqlIO.java:1226)
	at com.mysql.jdbc.ConnectionImpl.coreConnect(ConnectionImpl.java:2191)
	at com.mysql.jdbc.ConnectionImpl.connectOneTryOnly(ConnectionImpl.java:2222)
	at com.mysql.jdbc.ConnectionImpl.createNewIO(ConnectionImpl.java:2017)
	at com.mysql.jdbc.ConnectionImpl.<init>(ConnectionImpl.java:779)
	at com.mysql.jdbc.JDBC4Connection.<init>(JDBC4Connection.java:47)
	at sun.reflect.NativeConstructorAccessorImpl.newInstance0(Native Method)
	at sun.reflect.NativeConstructorAccessorImpl.newInstance(Unknown Source)
	at sun.reflect.DelegatingConstructorAccessorImpl.newInstance(Unknown Source)
	at java.lang.reflect.Constructor.newInstance(Unknown Source)
	at com.mysql.jdbc.Util.handleNewInstance(Util.java:425)
	at com.mysql.jdbc.ConnectionImpl.getInstance(ConnectionImpl.java:389)
	at com.mysql.jdbc.NonRegisteringDriver.connect(NonRegisteringDriver.java:330)
	at java.sql.DriverManager.getConnection(Unknown Source)
	at java.sql.DriverManager.getConnection(Unknown Source)
	at org.datanucleus.store.rdbms.datasource.dbcp2.DriverManagerConnectionFactory.createConnection(DriverManagerConnectionFactory.java:79)
	at org.datanucleus.store.rdbms.datasource.dbcp2.PoolableConnectionFactory.makeObject(PoolableConnectionFactory.java:254)
	at org.datanucleus.store.rdbms.datasource.dbcp2.pool2.impl.GenericObjectPool.create(GenericObjectPool.java:864)
	at org.datanucleus.store.rdbms.datasource.dbcp2.pool2.impl.GenericObjectPool.borrowObject(GenericObjectPool.java:434)
	at org.datanucleus.store.rdbms.datasource.dbcp2.pool2.impl.GenericObjectPool.borrowObject(GenericObjectPool.java:362)
	at org.datanucleus.store.rdbms.datasource.dbcp2.PoolingDataSource.getConnection(PoolingDataSource.java:132)
	at org.datanucleus.store.rdbms.ConnectionFactoryImpl$ManagedConnectionImpl.getConnection(ConnectionFactoryImpl.java:501)
	... 11 more
Nested Throwables StackTrace:
com.mysql.jdbc.exceptions.jdbc4.MySQLSyntaxErrorException: Access denied for user 'sd'@'localhost' to database 'inventorydb'
	at sun.reflect.NativeConstructorAccessorImpl.newInstance0(Native Method)
	at sun.reflect.NativeConstructorAccessorImpl.newInstance(Unknown Source)
	at sun.reflect.DelegatingConstructorAccessorImpl.newInstance(Unknown Source)
	at java.lang.reflect.Constructor.newInstance(Unknown Source)
	at com.mysql.jdbc.Util.handleNewInstance(Util.java:425)
	at com.mysql.jdbc.Util.getInstance(Util.java:408)
	at com.mysql.jdbc.SQLError.createSQLException(SQLError.java:943)
	at com.mysql.jdbc.MysqlIO.checkErrorPacket(MysqlIO.java:3973)
	at com.mysql.jdbc.MysqlIO.checkErrorPacket(MysqlIO.java:3909)
	at com.mysql.jdbc.MysqlIO.checkErrorPacket(MysqlIO.java:873)
	at com.mysql.jdbc.MysqlIO.proceedHandshakeWithPluggableAuthentication(MysqlIO.java:1710)
	at com.mysql.jdbc.MysqlIO.doHandshake(MysqlIO.java:1226)
	at com.mysql.jdbc.ConnectionImpl.coreConnect(ConnectionImpl.java:2191)
	at com.mysql.jdbc.ConnectionImpl.connectOneTryOnly(ConnectionImpl.java:2222)
	at com.mysql.jdbc.ConnectionImpl.createNewIO(ConnectionImpl.java:2017)
	at com.mysql.jdbc.ConnectionImpl.<init>(ConnectionImpl.java:779)
	at com.mysql.jdbc.JDBC4Connection.<init>(JDBC4Connection.java:47)
	at sun.reflect.NativeConstructorAccessorImpl.newInstance0(Native Method)
	at sun.reflect.NativeConstructorAccessorImpl.newInstance(Unknown Source)
	at sun.reflect.DelegatingConstructorAccessorImpl.newInstance(Unknown Source)
	at java.lang.reflect.Constructor.newInstance(Unknown Source)
	at com.mysql.jdbc.Util.handleNewInstance(Util.java:425)
	at com.mysql.jdbc.ConnectionImpl.getInstance(ConnectionImpl.java:389)
	at com.mysql.jdbc.NonRegisteringDriver.connect(NonRegisteringDriver.java:330)
	at java.sql.DriverManager.getConnection(Unknown Source)
	at java.sql.DriverManager.getConnection(Unknown Source)
	at org.datanucleus.store.rdbms.datasource.dbcp2.DriverManagerConnectionFactory.createConnection(DriverManagerConnectionFactory.java:79)
	at org.datanucleus.store.rdbms.datasource.dbcp2.PoolableConnectionFactory.makeObject(PoolableConnectionFactory.java:254)
	at org.datanucleus.store.rdbms.datasource.dbcp2.pool2.impl.GenericObjectPool.create(GenericObjectPool.java:864)
	at org.datanucleus.store.rdbms.datasource.dbcp2.pool2.impl.GenericObjectPool.borrowObject(GenericObjectPool.java:434)
	at org.datanucleus.store.rdbms.datasource.dbcp2.pool2.impl.GenericObjectPool.borrowObject(GenericObjectPool.java:362)
	at org.datanucleus.store.rdbms.datasource.dbcp2.PoolingDataSource.getConnection(PoolingDataSource.java:132)
	at org.datanucleus.store.rdbms.ConnectionFactoryImpl$ManagedConnectionImpl.getConnection(ConnectionFactoryImpl.java:501)
	at org.datanucleus.store.rdbms.RDBMSStoreManager.<init>(RDBMSStoreManager.java:290)
	at sun.reflect.NativeConstructorAccessorImpl.newInstance0(Native Method)
	at sun.reflect.NativeConstructorAccessorImpl.newInstance(Unknown Source)
	at sun.reflect.DelegatingConstructorAccessorImpl.newInstance(Unknown Source)
	at java.lang.reflect.Constructor.newInstance(Unknown Source)
	at org.datanucleus.plugin.NonManagedPluginRegistry.createExecutableExtension(NonManagedPluginRegistry.java:626)
	at org.datanucleus.plugin.PluginManager.createExecutableExtension(PluginManager.java:295)
	at org.datanucleus.NucleusContextHelper.createStoreManagerForProperties(NucleusContextHelper.java:140)
	at org.datanucleus.PersistenceNucleusContextImpl.initialise(PersistenceNucleusContextImpl.java:445)
	at org.datanucleus.store.schema.SchemaTool.getNucleusContextForMode(SchemaTool.java:729)
	at org.datanucleus.store.schema.SchemaTool.main(SchemaTool.java:300)
22-05-18_12:55:17 (main) ERROR [DataNucleus.Datastore] - Exception thrown creating StoreManager : Access denied for user 'sd'@'localhost' to database 'inventorydb'
22-05-18_12:55:17 (main) ERROR [DataNucleus.SchemaTool] - Error creating NucleusContext
Access denied for user 'sd'@'localhost' to database 'inventorydb'
org.datanucleus.exceptions.NucleusDataStoreException: Access denied for user 'sd'@'localhost' to database 'inventorydb'
	at org.datanucleus.store.rdbms.ConnectionFactoryImpl$ManagedConnectionImpl.getConnection(ConnectionFactoryImpl.java:518)
	at org.datanucleus.store.rdbms.RDBMSStoreManager.<init>(RDBMSStoreManager.java:290)
	at sun.reflect.NativeConstructorAccessorImpl.newInstance0(Native Method)
	at sun.reflect.NativeConstructorAccessorImpl.newInstance(Unknown Source)
	at sun.reflect.DelegatingConstructorAccessorImpl.newInstance(Unknown Source)
	at java.lang.reflect.Constructor.newInstance(Unknown Source)
	at org.datanucleus.plugin.NonManagedPluginRegistry.createExecutableExtension(NonManagedPluginRegistry.java:626)
	at org.datanucleus.plugin.PluginManager.createExecutableExtension(PluginManager.java:295)
	at org.datanucleus.NucleusContextHelper.createStoreManagerForProperties(NucleusContextHelper.java:140)
	at org.datanucleus.PersistenceNucleusContextImpl.initialise(PersistenceNucleusContextImpl.java:445)
	at org.datanucleus.store.schema.SchemaTool.getNucleusContextForMode(SchemaTool.java:729)
	at org.datanucleus.store.schema.SchemaTool.main(SchemaTool.java:300)
Caused by: com.mysql.jdbc.exceptions.jdbc4.MySQLSyntaxErrorException: Access denied for user 'sd'@'localhost' to database 'inventorydb'
	at sun.reflect.NativeConstructorAccessorImpl.newInstance0(Native Method)
	at sun.reflect.NativeConstructorAccessorImpl.newInstance(Unknown Source)
	at sun.reflect.DelegatingConstructorAccessorImpl.newInstance(Unknown Source)
	at java.lang.reflect.Constructor.newInstance(Unknown Source)
	at com.mysql.jdbc.Util.handleNewInstance(Util.java:425)
	at com.mysql.jdbc.Util.getInstance(Util.java:408)
	at com.mysql.jdbc.SQLError.createSQLException(SQLError.java:943)
	at com.mysql.jdbc.MysqlIO.checkErrorPacket(MysqlIO.java:3973)
	at com.mysql.jdbc.MysqlIO.checkErrorPacket(MysqlIO.java:3909)
	at com.mysql.jdbc.MysqlIO.checkErrorPacket(MysqlIO.java:873)
	at com.mysql.jdbc.MysqlIO.proceedHandshakeWithPluggableAuthentication(MysqlIO.java:1710)
	at com.mysql.jdbc.MysqlIO.doHandshake(MysqlIO.java:1226)
	at com.mysql.jdbc.ConnectionImpl.coreConnect(ConnectionImpl.java:2191)
	at com.mysql.jdbc.ConnectionImpl.connectOneTryOnly(ConnectionImpl.java:2222)
	at com.mysql.jdbc.ConnectionImpl.createNewIO(ConnectionImpl.java:2017)
	at com.mysql.jdbc.ConnectionImpl.<init>(ConnectionImpl.java:779)
	at com.mysql.jdbc.JDBC4Connection.<init>(JDBC4Connection.java:47)
	at sun.reflect.NativeConstructorAccessorImpl.newInstance0(Native Method)
	at sun.reflect.NativeConstructorAccessorImpl.newInstance(Unknown Source)
	at sun.reflect.DelegatingConstructorAccessorImpl.newInstance(Unknown Source)
	at java.lang.reflect.Constructor.newInstance(Unknown Source)
	at com.mysql.jdbc.Util.handleNewInstance(Util.java:425)
	at com.mysql.jdbc.ConnectionImpl.getInstance(ConnectionImpl.java:389)
	at com.mysql.jdbc.NonRegisteringDriver.connect(NonRegisteringDriver.java:330)
	at java.sql.DriverManager.getConnection(Unknown Source)
	at java.sql.DriverManager.getConnection(Unknown Source)
	at org.datanucleus.store.rdbms.datasource.dbcp2.DriverManagerConnectionFactory.createConnection(DriverManagerConnectionFactory.java:79)
	at org.datanucleus.store.rdbms.datasource.dbcp2.PoolableConnectionFactory.makeObject(PoolableConnectionFactory.java:254)
	at org.datanucleus.store.rdbms.datasource.dbcp2.pool2.impl.GenericObjectPool.create(GenericObjectPool.java:864)
	at org.datanucleus.store.rdbms.datasource.dbcp2.pool2.impl.GenericObjectPool.borrowObject(GenericObjectPool.java:434)
	at org.datanucleus.store.rdbms.datasource.dbcp2.pool2.impl.GenericObjectPool.borrowObject(GenericObjectPool.java:362)
	at org.datanucleus.store.rdbms.datasource.dbcp2.PoolingDataSource.getConnection(PoolingDataSource.java:132)
	at org.datanucleus.store.rdbms.ConnectionFactoryImpl$ManagedConnectionImpl.getConnection(ConnectionFactoryImpl.java:501)
	... 11 more
Nested Throwables StackTrace:
com.mysql.jdbc.exceptions.jdbc4.MySQLSyntaxErrorException: Access denied for user 'sd'@'localhost' to database 'inventorydb'
	at sun.reflect.NativeConstructorAccessorImpl.newInstance0(Native Method)
	at sun.reflect.NativeConstructorAccessorImpl.newInstance(Unknown Source)
	at sun.reflect.DelegatingConstructorAccessorImpl.newInstance(Unknown Source)
	at java.lang.reflect.Constructor.newInstance(Unknown Source)
	at com.mysql.jdbc.Util.handleNewInstance(Util.java:425)
	at com.mysql.jdbc.Util.getInstance(Util.java:408)
	at com.mysql.jdbc.SQLError.createSQLException(SQLError.java:943)
	at com.mysql.jdbc.MysqlIO.checkErrorPacket(MysqlIO.java:3973)
	at com.mysql.jdbc.MysqlIO.checkErrorPacket(MysqlIO.java:3909)
	at com.mysql.jdbc.MysqlIO.checkErrorPacket(MysqlIO.java:873)
	at com.mysql.jdbc.MysqlIO.proceedHandshakeWithPluggableAuthentication(MysqlIO.java:1710)
	at com.mysql.jdbc.MysqlIO.doHandshake(MysqlIO.java:1226)
	at com.mysql.jdbc.ConnectionImpl.coreConnect(ConnectionImpl.java:2191)
	at com.mysql.jdbc.ConnectionImpl.connectOneTryOnly(ConnectionImpl.java:2222)
	at com.mysql.jdbc.ConnectionImpl.createNewIO(ConnectionImpl.java:2017)
	at com.mysql.jdbc.ConnectionImpl.<init>(ConnectionImpl.java:779)
	at com.mysql.jdbc.JDBC4Connection.<init>(JDBC4Connection.java:47)
	at sun.reflect.NativeConstructorAccessorImpl.newInstance0(Native Method)
	at sun.reflect.NativeConstructorAccessorImpl.newInstance(Unknown Source)
	at sun.reflect.DelegatingConstructorAccessorImpl.newInstance(Unknown Source)
	at java.lang.reflect.Constructor.newInstance(Unknown Source)
	at com.mysql.jdbc.Util.handleNewInstance(Util.java:425)
	at com.mysql.jdbc.ConnectionImpl.getInstance(ConnectionImpl.java:389)
	at com.mysql.jdbc.NonRegisteringDriver.connect(NonRegisteringDriver.java:330)
	at java.sql.DriverManager.getConnection(Unknown Source)
	at java.sql.DriverManager.getConnection(Unknown Source)
	at org.datanucleus.store.rdbms.datasource.dbcp2.DriverManagerConnectionFactory.createConnection(DriverManagerConnectionFactory.java:79)
	at org.datanucleus.store.rdbms.datasource.dbcp2.PoolableConnectionFactory.makeObject(PoolableConnectionFactory.java:254)
	at org.datanucleus.store.rdbms.datasource.dbcp2.pool2.impl.GenericObjectPool.create(GenericObjectPool.java:864)
	at org.datanucleus.store.rdbms.datasource.dbcp2.pool2.impl.GenericObjectPool.borrowObject(GenericObjectPool.java:434)
	at org.datanucleus.store.rdbms.datasource.dbcp2.pool2.impl.GenericObjectPool.borrowObject(GenericObjectPool.java:362)
	at org.datanucleus.store.rdbms.datasource.dbcp2.PoolingDataSource.getConnection(PoolingDataSource.java:132)
	at org.datanucleus.store.rdbms.ConnectionFactoryImpl$ManagedConnectionImpl.getConnection(ConnectionFactoryImpl.java:501)
	at org.datanucleus.store.rdbms.RDBMSStoreManager.<init>(RDBMSStoreManager.java:290)
	at sun.reflect.NativeConstructorAccessorImpl.newInstance0(Native Method)
	at sun.reflect.NativeConstructorAccessorImpl.newInstance(Unknown Source)
	at sun.reflect.DelegatingConstructorAccessorImpl.newInstance(Unknown Source)
	at java.lang.reflect.Constructor.newInstance(Unknown Source)
	at org.datanucleus.plugin.NonManagedPluginRegistry.createExecutableExtension(NonManagedPluginRegistry.java:626)
	at org.datanucleus.plugin.PluginManager.createExecutableExtension(PluginManager.java:295)
	at org.datanucleus.NucleusContextHelper.createStoreManagerForProperties(NucleusContextHelper.java:140)
	at org.datanucleus.PersistenceNucleusContextImpl.initialise(PersistenceNucleusContextImpl.java:445)
	at org.datanucleus.store.schema.SchemaTool.getNucleusContextForMode(SchemaTool.java:729)
	at org.datanucleus.store.schema.SchemaTool.main(SchemaTool.java:300)
22-05-18_12:57:49 (main) INFO  [DataNucleus.Enhancer] - DataNucleus Enhancer (versión 5.1.2) para el API "JDO" utilisando el JRE "{2}"
22-05-18_12:57:50 (main) INFO  [DataNucleus.Enhancer] - Escribiendo el archivo de clase "C:\Users\PC\git\EasyBookingServer\EasyBookingServer\bin\Data\Usuario.class" con definicion enhanced
22-05-18_12:57:50 (main) INFO  [DataNucleus.Enhancer] - Escribiendo el archivo de clase "C:\Users\PC\git\EasyBookingServer\EasyBookingServer\bin\Data\Vuelo.class" con definicion enhanced
22-05-18_12:57:50 (main) INFO  [DataNucleus.Enhancer] - DataNucleus Enhancer ha terminado con exito para 2 clases.
22-05-18_12:57:50 (main) INFO  [DataNucleus.SchemaTool] - DataNucleus SchemaTool : Creación del esquema para clases
22-05-18_12:57:50 (main) INFO  [DataNucleus.SchemaTool] - DataNucleus SchemaTool : Classpath
22-05-18_12:57:50 (main) INFO  [DataNucleus.SchemaTool] - >>  C:\Users\PC\git\EasyBookingServer\EasyBookingServer\lib\datanucleus-api-jdo-5.1.2.jar
22-05-18_12:57:50 (main) INFO  [DataNucleus.SchemaTool] - >>  C:\Users\PC\git\EasyBookingServer\EasyBookingServer\lib\datanucleus-cache-5.1.0-release.jar
22-05-18_12:57:50 (main) INFO  [DataNucleus.SchemaTool] - >>  C:\Users\PC\git\EasyBookingServer\EasyBookingServer\lib\datanucleus-core-5.1.2.jar
22-05-18_12:57:50 (main) INFO  [DataNucleus.SchemaTool] - >>  C:\Users\PC\git\EasyBookingServer\EasyBookingServer\lib\datanucleus-rdbms-5.1.2.jar
22-05-18_12:57:50 (main) INFO  [DataNucleus.SchemaTool] - >>  C:\Users\PC\git\EasyBookingServer\EasyBookingServer\lib\javax.jdo-3.2.0-m7.jar
22-05-18_12:57:50 (main) INFO  [DataNucleus.SchemaTool] - >>  C:\Users\PC\git\EasyBookingServer\EasyBookingServer\lib\log4j-1.2.14.jar
22-05-18_12:57:50 (main) INFO  [DataNucleus.SchemaTool] - >>  C:\Users\PC\git\EasyBookingServer\EasyBookingServer\lib\mysql-connector-java-5.1.44.jar
22-05-18_12:57:50 (main) INFO  [DataNucleus.SchemaTool] - >>  C:\Users\PC\git\EasyBookingServer\EasyBookingServer\bin
22-05-18_12:57:50 (main) INFO  [DataNucleus.SchemaTool] - >>  C:\Users\PC\git\EasyBookingServer\EasyBookingServer\resources
22-05-18_12:57:51 (main) INFO  [DataNucleus.Persistence] - Propiedad datanucleus.autocreateall desconocida - vamos a ignorarla
22-05-18_12:57:52 (main) INFO  [DataNucleus.SchemaTool] - DataNucleus SchemaTool : Ficheros
22-05-18_12:57:52 (main) INFO  [DataNucleus.SchemaTool] - >>  C:\Users\PC\git\EasyBookingServer\EasyBookingServer\bin\DB\DBManager.class
22-05-18_12:57:52 (main) INFO  [DataNucleus.SchemaTool] - >>  C:\Users\PC\git\EasyBookingServer\EasyBookingServer\bin\DTO\CompleteVueloDTO.class
22-05-18_12:57:52 (main) INFO  [DataNucleus.SchemaTool] - >>  C:\Users\PC\git\EasyBookingServer\EasyBookingServer\bin\DTO\FacturaDTO.class
22-05-18_12:57:52 (main) INFO  [DataNucleus.SchemaTool] - >>  C:\Users\PC\git\EasyBookingServer\EasyBookingServer\bin\DTO\UsuarioDTO.class
22-05-18_12:57:52 (main) INFO  [DataNucleus.SchemaTool] - >>  C:\Users\PC\git\EasyBookingServer\EasyBookingServer\bin\DTO\VueloDTO.class
22-05-18_12:57:52 (main) INFO  [DataNucleus.SchemaTool] - >>  C:\Users\PC\git\EasyBookingServer\EasyBookingServer\bin\Data\Usuario.class
22-05-18_12:57:52 (main) INFO  [DataNucleus.SchemaTool] - >>  C:\Users\PC\git\EasyBookingServer\EasyBookingServer\bin\Data\Vuelo.class
22-05-18_12:57:52 (main) INFO  [DataNucleus.SchemaTool] - >>  C:\Users\PC\git\EasyBookingServer\EasyBookingServer\bin\Remote\IRemoteFacade.class
22-05-18_12:57:52 (main) INFO  [DataNucleus.SchemaTool] - >>  C:\Users\PC\git\EasyBookingServer\EasyBookingServer\bin\Remote\RemoteFacade.class
22-05-18_12:57:52 (main) INFO  [DataNucleus.SchemaTool] - >>  C:\Users\PC\git\EasyBookingServer\EasyBookingServer\bin\Server\Main.class
22-05-18_12:57:52 (main) INFO  [DataNucleus.SchemaTool] - >>  C:\Users\PC\git\EasyBookingServer\EasyBookingServer\bin\Services\AuthorisationService.class
22-05-18_12:57:52 (main) INFO  [DataNucleus.SchemaTool] - >>  C:\Users\PC\git\EasyBookingServer\EasyBookingServer\bin\Services\PaymentService.class
22-05-18_12:57:52 (main) INFO  [DataNucleus.SchemaTool] - >>  C:\Users\PC\git\EasyBookingServer\EasyBookingServer\bin\Services\UsuarioService.class
22-05-18_12:57:52 (main) INFO  [DataNucleus.SchemaTool] - >>  C:\Users\PC\git\EasyBookingServer\EasyBookingServer\bin\Services\VueloService.class
22-05-18_12:57:52 (main) INFO  [DataNucleus.SchemaTool] - >>  C:\Users\PC\git\EasyBookingServer\EasyBookingServer\bin\Utils\AuthorisationAssembler.class
22-05-18_12:57:52 (main) INFO  [DataNucleus.SchemaTool] - >>  C:\Users\PC\git\EasyBookingServer\EasyBookingServer\bin\Utils\PaymentAssembler.class
22-05-18_12:57:52 (main) INFO  [DataNucleus.SchemaTool] - >>  C:\Users\PC\git\EasyBookingServer\EasyBookingServer\bin\Utils\VueloAssembler.class
22-05-18_12:57:52 (main) INFO  [DataNucleus.SchemaTool] - DataNucleus SchemaTool ha terminado con exito
22-05-18_13:17:44 (main) INFO  [DataNucleus.Enhancer] - DataNucleus Enhancer (versión 5.1.2) para el API "JDO" utilisando el JRE "{2}"
22-05-18_13:17:44 (main) INFO  [DataNucleus.Enhancer] - Escribiendo el archivo de clase "C:\Users\PC\git\EasyBookingServer\EasyBookingServer\bin\Data\Usuario.class" con definicion enhanced
22-05-18_13:17:44 (main) INFO  [DataNucleus.Enhancer] - Escribiendo el archivo de clase "C:\Users\PC\git\EasyBookingServer\EasyBookingServer\bin\Data\Vuelo.class" con definicion enhanced
22-05-18_13:17:44 (main) INFO  [DataNucleus.Enhancer] - DataNucleus Enhancer ha terminado con exito para 2 clases.
22-05-18_13:17:45 (main) INFO  [DataNucleus.SchemaTool] - DataNucleus SchemaTool : Creación del esquema para clases
22-05-18_13:17:45 (main) INFO  [DataNucleus.SchemaTool] - DataNucleus SchemaTool : Classpath
22-05-18_13:17:45 (main) INFO  [DataNucleus.SchemaTool] - >>  C:\Users\PC\git\EasyBookingServer\EasyBookingServer\lib\datanucleus-api-jdo-5.1.2.jar
22-05-18_13:17:45 (main) INFO  [DataNucleus.SchemaTool] - >>  C:\Users\PC\git\EasyBookingServer\EasyBookingServer\lib\datanucleus-cache-5.1.0-release.jar
22-05-18_13:17:45 (main) INFO  [DataNucleus.SchemaTool] - >>  C:\Users\PC\git\EasyBookingServer\EasyBookingServer\lib\datanucleus-core-5.1.2.jar
22-05-18_13:17:45 (main) INFO  [DataNucleus.SchemaTool] - >>  C:\Users\PC\git\EasyBookingServer\EasyBookingServer\lib\datanucleus-rdbms-5.1.2.jar
22-05-18_13:17:45 (main) INFO  [DataNucleus.SchemaTool] - >>  C:\Users\PC\git\EasyBookingServer\EasyBookingServer\lib\javax.jdo-3.2.0-m7.jar
22-05-18_13:17:45 (main) INFO  [DataNucleus.SchemaTool] - >>  C:\Users\PC\git\EasyBookingServer\EasyBookingServer\lib\log4j-1.2.14.jar
22-05-18_13:17:45 (main) INFO  [DataNucleus.SchemaTool] - >>  C:\Users\PC\git\EasyBookingServer\EasyBookingServer\lib\mysql-connector-java-5.1.44.jar
22-05-18_13:17:45 (main) INFO  [DataNucleus.SchemaTool] - >>  C:\Users\PC\git\EasyBookingServer\EasyBookingServer\bin
22-05-18_13:17:45 (main) INFO  [DataNucleus.SchemaTool] - >>  C:\Users\PC\git\EasyBookingServer\EasyBookingServer\resources
22-05-18_13:17:45 (main) INFO  [DataNucleus.Persistence] - Propiedad datanucleus.autocreateall desconocida - vamos a ignorarla
22-05-18_13:17:46 (main) ERROR [DataNucleus.Datastore.Schema] - La inicialización del base de datos ha fallado.
Unknown database 'easybookingdb'
org.datanucleus.exceptions.NucleusDataStoreException: Unknown database 'easybookingdb'
	at org.datanucleus.store.rdbms.ConnectionFactoryImpl$ManagedConnectionImpl.getConnection(ConnectionFactoryImpl.java:518)
	at org.datanucleus.store.rdbms.RDBMSStoreManager.<init>(RDBMSStoreManager.java:290)
	at sun.reflect.NativeConstructorAccessorImpl.newInstance0(Native Method)
	at sun.reflect.NativeConstructorAccessorImpl.newInstance(Unknown Source)
	at sun.reflect.DelegatingConstructorAccessorImpl.newInstance(Unknown Source)
	at java.lang.reflect.Constructor.newInstance(Unknown Source)
	at org.datanucleus.plugin.NonManagedPluginRegistry.createExecutableExtension(NonManagedPluginRegistry.java:626)
	at org.datanucleus.plugin.PluginManager.createExecutableExtension(PluginManager.java:295)
	at org.datanucleus.NucleusContextHelper.createStoreManagerForProperties(NucleusContextHelper.java:140)
	at org.datanucleus.PersistenceNucleusContextImpl.initialise(PersistenceNucleusContextImpl.java:445)
	at org.datanucleus.store.schema.SchemaTool.getNucleusContextForMode(SchemaTool.java:729)
	at org.datanucleus.store.schema.SchemaTool.main(SchemaTool.java:300)
Caused by: com.mysql.jdbc.exceptions.jdbc4.MySQLSyntaxErrorException: Unknown database 'easybookingdb'
	at sun.reflect.NativeConstructorAccessorImpl.newInstance0(Native Method)
	at sun.reflect.NativeConstructorAccessorImpl.newInstance(Unknown Source)
	at sun.reflect.DelegatingConstructorAccessorImpl.newInstance(Unknown Source)
	at java.lang.reflect.Constructor.newInstance(Unknown Source)
	at com.mysql.jdbc.Util.handleNewInstance(Util.java:425)
	at com.mysql.jdbc.Util.getInstance(Util.java:408)
	at com.mysql.jdbc.SQLError.createSQLException(SQLError.java:943)
	at com.mysql.jdbc.MysqlIO.checkErrorPacket(MysqlIO.java:3973)
	at com.mysql.jdbc.MysqlIO.checkErrorPacket(MysqlIO.java:3909)
	at com.mysql.jdbc.MysqlIO.checkErrorPacket(MysqlIO.java:873)
	at com.mysql.jdbc.MysqlIO.proceedHandshakeWithPluggableAuthentication(MysqlIO.java:1710)
	at com.mysql.jdbc.MysqlIO.doHandshake(MysqlIO.java:1226)
	at com.mysql.jdbc.ConnectionImpl.coreConnect(ConnectionImpl.java:2191)
	at com.mysql.jdbc.ConnectionImpl.connectOneTryOnly(ConnectionImpl.java:2222)
	at com.mysql.jdbc.ConnectionImpl.createNewIO(ConnectionImpl.java:2017)
	at com.mysql.jdbc.ConnectionImpl.<init>(ConnectionImpl.java:779)
	at com.mysql.jdbc.JDBC4Connection.<init>(JDBC4Connection.java:47)
	at sun.reflect.NativeConstructorAccessorImpl.newInstance0(Native Method)
	at sun.reflect.NativeConstructorAccessorImpl.newInstance(Unknown Source)
	at sun.reflect.DelegatingConstructorAccessorImpl.newInstance(Unknown Source)
	at java.lang.reflect.Constructor.newInstance(Unknown Source)
	at com.mysql.jdbc.Util.handleNewInstance(Util.java:425)
	at com.mysql.jdbc.ConnectionImpl.getInstance(ConnectionImpl.java:389)
	at com.mysql.jdbc.NonRegisteringDriver.connect(NonRegisteringDriver.java:330)
	at java.sql.DriverManager.getConnection(Unknown Source)
	at java.sql.DriverManager.getConnection(Unknown Source)
	at org.datanucleus.store.rdbms.datasource.dbcp2.DriverManagerConnectionFactory.createConnection(DriverManagerConnectionFactory.java:79)
	at org.datanucleus.store.rdbms.datasource.dbcp2.PoolableConnectionFactory.makeObject(PoolableConnectionFactory.java:254)
	at org.datanucleus.store.rdbms.datasource.dbcp2.pool2.impl.GenericObjectPool.create(GenericObjectPool.java:864)
	at org.datanucleus.store.rdbms.datasource.dbcp2.pool2.impl.GenericObjectPool.borrowObject(GenericObjectPool.java:434)
	at org.datanucleus.store.rdbms.datasource.dbcp2.pool2.impl.GenericObjectPool.borrowObject(GenericObjectPool.java:362)
	at org.datanucleus.store.rdbms.datasource.dbcp2.PoolingDataSource.getConnection(PoolingDataSource.java:132)
	at org.datanucleus.store.rdbms.ConnectionFactoryImpl$ManagedConnectionImpl.getConnection(ConnectionFactoryImpl.java:501)
	... 11 more
Nested Throwables StackTrace:
com.mysql.jdbc.exceptions.jdbc4.MySQLSyntaxErrorException: Unknown database 'easybookingdb'
	at sun.reflect.NativeConstructorAccessorImpl.newInstance0(Native Method)
	at sun.reflect.NativeConstructorAccessorImpl.newInstance(Unknown Source)
	at sun.reflect.DelegatingConstructorAccessorImpl.newInstance(Unknown Source)
	at java.lang.reflect.Constructor.newInstance(Unknown Source)
	at com.mysql.jdbc.Util.handleNewInstance(Util.java:425)
	at com.mysql.jdbc.Util.getInstance(Util.java:408)
	at com.mysql.jdbc.SQLError.createSQLException(SQLError.java:943)
	at com.mysql.jdbc.MysqlIO.checkErrorPacket(MysqlIO.java:3973)
	at com.mysql.jdbc.MysqlIO.checkErrorPacket(MysqlIO.java:3909)
	at com.mysql.jdbc.MysqlIO.checkErrorPacket(MysqlIO.java:873)
	at com.mysql.jdbc.MysqlIO.proceedHandshakeWithPluggableAuthentication(MysqlIO.java:1710)
	at com.mysql.jdbc.MysqlIO.doHandshake(MysqlIO.java:1226)
	at com.mysql.jdbc.ConnectionImpl.coreConnect(ConnectionImpl.java:2191)
	at com.mysql.jdbc.ConnectionImpl.connectOneTryOnly(ConnectionImpl.java:2222)
	at com.mysql.jdbc.ConnectionImpl.createNewIO(ConnectionImpl.java:2017)
	at com.mysql.jdbc.ConnectionImpl.<init>(ConnectionImpl.java:779)
	at com.mysql.jdbc.JDBC4Connection.<init>(JDBC4Connection.java:47)
	at sun.reflect.NativeConstructorAccessorImpl.newInstance0(Native Method)
	at sun.reflect.NativeConstructorAccessorImpl.newInstance(Unknown Source)
	at sun.reflect.DelegatingConstructorAccessorImpl.newInstance(Unknown Source)
	at java.lang.reflect.Constructor.newInstance(Unknown Source)
	at com.mysql.jdbc.Util.handleNewInstance(Util.java:425)
	at com.mysql.jdbc.ConnectionImpl.getInstance(ConnectionImpl.java:389)
	at com.mysql.jdbc.NonRegisteringDriver.connect(NonRegisteringDriver.java:330)
	at java.sql.DriverManager.getConnection(Unknown Source)
	at java.sql.DriverManager.getConnection(Unknown Source)
	at org.datanucleus.store.rdbms.datasource.dbcp2.DriverManagerConnectionFactory.createConnection(DriverManagerConnectionFactory.java:79)
	at org.datanucleus.store.rdbms.datasource.dbcp2.PoolableConnectionFactory.makeObject(PoolableConnectionFactory.java:254)
	at org.datanucleus.store.rdbms.datasource.dbcp2.pool2.impl.GenericObjectPool.create(GenericObjectPool.java:864)
	at org.datanucleus.store.rdbms.datasource.dbcp2.pool2.impl.GenericObjectPool.borrowObject(GenericObjectPool.java:434)
	at org.datanucleus.store.rdbms.datasource.dbcp2.pool2.impl.GenericObjectPool.borrowObject(GenericObjectPool.java:362)
	at org.datanucleus.store.rdbms.datasource.dbcp2.PoolingDataSource.getConnection(PoolingDataSource.java:132)
	at org.datanucleus.store.rdbms.ConnectionFactoryImpl$ManagedConnectionImpl.getConnection(ConnectionFactoryImpl.java:501)
	at org.datanucleus.store.rdbms.RDBMSStoreManager.<init>(RDBMSStoreManager.java:290)
	at sun.reflect.NativeConstructorAccessorImpl.newInstance0(Native Method)
	at sun.reflect.NativeConstructorAccessorImpl.newInstance(Unknown Source)
	at sun.reflect.DelegatingConstructorAccessorImpl.newInstance(Unknown Source)
	at java.lang.reflect.Constructor.newInstance(Unknown Source)
	at org.datanucleus.plugin.NonManagedPluginRegistry.createExecutableExtension(NonManagedPluginRegistry.java:626)
	at org.datanucleus.plugin.PluginManager.createExecutableExtension(PluginManager.java:295)
	at org.datanucleus.NucleusContextHelper.createStoreManagerForProperties(NucleusContextHelper.java:140)
	at org.datanucleus.PersistenceNucleusContextImpl.initialise(PersistenceNucleusContextImpl.java:445)
	at org.datanucleus.store.schema.SchemaTool.getNucleusContextForMode(SchemaTool.java:729)
	at org.datanucleus.store.schema.SchemaTool.main(SchemaTool.java:300)
22-05-18_13:17:46 (main) ERROR [DataNucleus.Datastore] - Exception thrown creating StoreManager : Unknown database 'easybookingdb'
22-05-18_13:17:46 (main) ERROR [DataNucleus.SchemaTool] - Error creating NucleusContext
Unknown database 'easybookingdb'
org.datanucleus.exceptions.NucleusDataStoreException: Unknown database 'easybookingdb'
	at org.datanucleus.store.rdbms.ConnectionFactoryImpl$ManagedConnectionImpl.getConnection(ConnectionFactoryImpl.java:518)
	at org.datanucleus.store.rdbms.RDBMSStoreManager.<init>(RDBMSStoreManager.java:290)
	at sun.reflect.NativeConstructorAccessorImpl.newInstance0(Native Method)
	at sun.reflect.NativeConstructorAccessorImpl.newInstance(Unknown Source)
	at sun.reflect.DelegatingConstructorAccessorImpl.newInstance(Unknown Source)
	at java.lang.reflect.Constructor.newInstance(Unknown Source)
	at org.datanucleus.plugin.NonManagedPluginRegistry.createExecutableExtension(NonManagedPluginRegistry.java:626)
	at org.datanucleus.plugin.PluginManager.createExecutableExtension(PluginManager.java:295)
	at org.datanucleus.NucleusContextHelper.createStoreManagerForProperties(NucleusContextHelper.java:140)
	at org.datanucleus.PersistenceNucleusContextImpl.initialise(PersistenceNucleusContextImpl.java:445)
	at org.datanucleus.store.schema.SchemaTool.getNucleusContextForMode(SchemaTool.java:729)
	at org.datanucleus.store.schema.SchemaTool.main(SchemaTool.java:300)
Caused by: com.mysql.jdbc.exceptions.jdbc4.MySQLSyntaxErrorException: Unknown database 'easybookingdb'
	at sun.reflect.NativeConstructorAccessorImpl.newInstance0(Native Method)
	at sun.reflect.NativeConstructorAccessorImpl.newInstance(Unknown Source)
	at sun.reflect.DelegatingConstructorAccessorImpl.newInstance(Unknown Source)
	at java.lang.reflect.Constructor.newInstance(Unknown Source)
	at com.mysql.jdbc.Util.handleNewInstance(Util.java:425)
	at com.mysql.jdbc.Util.getInstance(Util.java:408)
	at com.mysql.jdbc.SQLError.createSQLException(SQLError.java:943)
	at com.mysql.jdbc.MysqlIO.checkErrorPacket(MysqlIO.java:3973)
	at com.mysql.jdbc.MysqlIO.checkErrorPacket(MysqlIO.java:3909)
	at com.mysql.jdbc.MysqlIO.checkErrorPacket(MysqlIO.java:873)
	at com.mysql.jdbc.MysqlIO.proceedHandshakeWithPluggableAuthentication(MysqlIO.java:1710)
	at com.mysql.jdbc.MysqlIO.doHandshake(MysqlIO.java:1226)
	at com.mysql.jdbc.ConnectionImpl.coreConnect(ConnectionImpl.java:2191)
	at com.mysql.jdbc.ConnectionImpl.connectOneTryOnly(ConnectionImpl.java:2222)
	at com.mysql.jdbc.ConnectionImpl.createNewIO(ConnectionImpl.java:2017)
	at com.mysql.jdbc.ConnectionImpl.<init>(ConnectionImpl.java:779)
	at com.mysql.jdbc.JDBC4Connection.<init>(JDBC4Connection.java:47)
	at sun.reflect.NativeConstructorAccessorImpl.newInstance0(Native Method)
	at sun.reflect.NativeConstructorAccessorImpl.newInstance(Unknown Source)
	at sun.reflect.DelegatingConstructorAccessorImpl.newInstance(Unknown Source)
	at java.lang.reflect.Constructor.newInstance(Unknown Source)
	at com.mysql.jdbc.Util.handleNewInstance(Util.java:425)
	at com.mysql.jdbc.ConnectionImpl.getInstance(ConnectionImpl.java:389)
	at com.mysql.jdbc.NonRegisteringDriver.connect(NonRegisteringDriver.java:330)
	at java.sql.DriverManager.getConnection(Unknown Source)
	at java.sql.DriverManager.getConnection(Unknown Source)
	at org.datanucleus.store.rdbms.datasource.dbcp2.DriverManagerConnectionFactory.createConnection(DriverManagerConnectionFactory.java:79)
	at org.datanucleus.store.rdbms.datasource.dbcp2.PoolableConnectionFactory.makeObject(PoolableConnectionFactory.java:254)
	at org.datanucleus.store.rdbms.datasource.dbcp2.pool2.impl.GenericObjectPool.create(GenericObjectPool.java:864)
	at org.datanucleus.store.rdbms.datasource.dbcp2.pool2.impl.GenericObjectPool.borrowObject(GenericObjectPool.java:434)
	at org.datanucleus.store.rdbms.datasource.dbcp2.pool2.impl.GenericObjectPool.borrowObject(GenericObjectPool.java:362)
	at org.datanucleus.store.rdbms.datasource.dbcp2.PoolingDataSource.getConnection(PoolingDataSource.java:132)
	at org.datanucleus.store.rdbms.ConnectionFactoryImpl$ManagedConnectionImpl.getConnection(ConnectionFactoryImpl.java:501)
	... 11 more
Nested Throwables StackTrace:
com.mysql.jdbc.exceptions.jdbc4.MySQLSyntaxErrorException: Unknown database 'easybookingdb'
	at sun.reflect.NativeConstructorAccessorImpl.newInstance0(Native Method)
	at sun.reflect.NativeConstructorAccessorImpl.newInstance(Unknown Source)
	at sun.reflect.DelegatingConstructorAccessorImpl.newInstance(Unknown Source)
	at java.lang.reflect.Constructor.newInstance(Unknown Source)
	at com.mysql.jdbc.Util.handleNewInstance(Util.java:425)
	at com.mysql.jdbc.Util.getInstance(Util.java:408)
	at com.mysql.jdbc.SQLError.createSQLException(SQLError.java:943)
	at com.mysql.jdbc.MysqlIO.checkErrorPacket(MysqlIO.java:3973)
	at com.mysql.jdbc.MysqlIO.checkErrorPacket(MysqlIO.java:3909)
	at com.mysql.jdbc.MysqlIO.checkErrorPacket(MysqlIO.java:873)
	at com.mysql.jdbc.MysqlIO.proceedHandshakeWithPluggableAuthentication(MysqlIO.java:1710)
	at com.mysql.jdbc.MysqlIO.doHandshake(MysqlIO.java:1226)
	at com.mysql.jdbc.ConnectionImpl.coreConnect(ConnectionImpl.java:2191)
	at com.mysql.jdbc.ConnectionImpl.connectOneTryOnly(ConnectionImpl.java:2222)
	at com.mysql.jdbc.ConnectionImpl.createNewIO(ConnectionImpl.java:2017)
	at com.mysql.jdbc.ConnectionImpl.<init>(ConnectionImpl.java:779)
	at com.mysql.jdbc.JDBC4Connection.<init>(JDBC4Connection.java:47)
	at sun.reflect.NativeConstructorAccessorImpl.newInstance0(Native Method)
	at sun.reflect.NativeConstructorAccessorImpl.newInstance(Unknown Source)
	at sun.reflect.DelegatingConstructorAccessorImpl.newInstance(Unknown Source)
	at java.lang.reflect.Constructor.newInstance(Unknown Source)
	at com.mysql.jdbc.Util.handleNewInstance(Util.java:425)
	at com.mysql.jdbc.ConnectionImpl.getInstance(ConnectionImpl.java:389)
	at com.mysql.jdbc.NonRegisteringDriver.connect(NonRegisteringDriver.java:330)
	at java.sql.DriverManager.getConnection(Unknown Source)
	at java.sql.DriverManager.getConnection(Unknown Source)
	at org.datanucleus.store.rdbms.datasource.dbcp2.DriverManagerConnectionFactory.createConnection(DriverManagerConnectionFactory.java:79)
	at org.datanucleus.store.rdbms.datasource.dbcp2.PoolableConnectionFactory.makeObject(PoolableConnectionFactory.java:254)
	at org.datanucleus.store.rdbms.datasource.dbcp2.pool2.impl.GenericObjectPool.create(GenericObjectPool.java:864)
	at org.datanucleus.store.rdbms.datasource.dbcp2.pool2.impl.GenericObjectPool.borrowObject(GenericObjectPool.java:434)
	at org.datanucleus.store.rdbms.datasource.dbcp2.pool2.impl.GenericObjectPool.borrowObject(GenericObjectPool.java:362)
	at org.datanucleus.store.rdbms.datasource.dbcp2.PoolingDataSource.getConnection(PoolingDataSource.java:132)
	at org.datanucleus.store.rdbms.ConnectionFactoryImpl$ManagedConnectionImpl.getConnection(ConnectionFactoryImpl.java:501)
	at org.datanucleus.store.rdbms.RDBMSStoreManager.<init>(RDBMSStoreManager.java:290)
	at sun.reflect.NativeConstructorAccessorImpl.newInstance0(Native Method)
	at sun.reflect.NativeConstructorAccessorImpl.newInstance(Unknown Source)
	at sun.reflect.DelegatingConstructorAccessorImpl.newInstance(Unknown Source)
	at java.lang.reflect.Constructor.newInstance(Unknown Source)
	at org.datanucleus.plugin.NonManagedPluginRegistry.createExecutableExtension(NonManagedPluginRegistry.java:626)
	at org.datanucleus.plugin.PluginManager.createExecutableExtension(PluginManager.java:295)
	at org.datanucleus.NucleusContextHelper.createStoreManagerForProperties(NucleusContextHelper.java:140)
	at org.datanucleus.PersistenceNucleusContextImpl.initialise(PersistenceNucleusContextImpl.java:445)
	at org.datanucleus.store.schema.SchemaTool.getNucleusContextForMode(SchemaTool.java:729)
	at org.datanucleus.store.schema.SchemaTool.main(SchemaTool.java:300)
22-05-18_13:17:58 (main) INFO  [DataNucleus.Enhancer] - DataNucleus Enhancer (versión 5.1.2) para el API "JDO" utilisando el JRE "{2}"
22-05-18_13:17:58 (main) INFO  [DataNucleus.Enhancer] - Escribiendo el archivo de clase "C:\Users\PC\git\EasyBookingServer\EasyBookingServer\bin\Data\Usuario.class" con definicion enhanced
22-05-18_13:17:58 (main) INFO  [DataNucleus.Enhancer] - Escribiendo el archivo de clase "C:\Users\PC\git\EasyBookingServer\EasyBookingServer\bin\Data\Vuelo.class" con definicion enhanced
22-05-18_13:17:58 (main) INFO  [DataNucleus.Enhancer] - DataNucleus Enhancer ha terminado con exito para 2 clases.
22-05-18_13:17:59 (main) INFO  [DataNucleus.SchemaTool] - DataNucleus SchemaTool : Creación del esquema para clases
22-05-18_13:17:59 (main) INFO  [DataNucleus.SchemaTool] - DataNucleus SchemaTool : Classpath
22-05-18_13:17:59 (main) INFO  [DataNucleus.SchemaTool] - >>  C:\Users\PC\git\EasyBookingServer\EasyBookingServer\lib\datanucleus-api-jdo-5.1.2.jar
22-05-18_13:17:59 (main) INFO  [DataNucleus.SchemaTool] - >>  C:\Users\PC\git\EasyBookingServer\EasyBookingServer\lib\datanucleus-cache-5.1.0-release.jar
22-05-18_13:17:59 (main) INFO  [DataNucleus.SchemaTool] - >>  C:\Users\PC\git\EasyBookingServer\EasyBookingServer\lib\datanucleus-core-5.1.2.jar
22-05-18_13:17:59 (main) INFO  [DataNucleus.SchemaTool] - >>  C:\Users\PC\git\EasyBookingServer\EasyBookingServer\lib\datanucleus-rdbms-5.1.2.jar
22-05-18_13:17:59 (main) INFO  [DataNucleus.SchemaTool] - >>  C:\Users\PC\git\EasyBookingServer\EasyBookingServer\lib\javax.jdo-3.2.0-m7.jar
22-05-18_13:17:59 (main) INFO  [DataNucleus.SchemaTool] - >>  C:\Users\PC\git\EasyBookingServer\EasyBookingServer\lib\log4j-1.2.14.jar
22-05-18_13:17:59 (main) INFO  [DataNucleus.SchemaTool] - >>  C:\Users\PC\git\EasyBookingServer\EasyBookingServer\lib\mysql-connector-java-5.1.44.jar
22-05-18_13:17:59 (main) INFO  [DataNucleus.SchemaTool] - >>  C:\Users\PC\git\EasyBookingServer\EasyBookingServer\bin
22-05-18_13:17:59 (main) INFO  [DataNucleus.SchemaTool] - >>  C:\Users\PC\git\EasyBookingServer\EasyBookingServer\resources
22-05-18_13:17:59 (main) INFO  [DataNucleus.Persistence] - Propiedad datanucleus.autocreateall desconocida - vamos a ignorarla
22-05-18_13:18:00 (main) INFO  [DataNucleus.SchemaTool] - DataNucleus SchemaTool : Ficheros
22-05-18_13:18:00 (main) INFO  [DataNucleus.SchemaTool] - >>  C:\Users\PC\git\EasyBookingServer\EasyBookingServer\bin\DB\DBManager.class
22-05-18_13:18:00 (main) INFO  [DataNucleus.SchemaTool] - >>  C:\Users\PC\git\EasyBookingServer\EasyBookingServer\bin\DTO\CompleteVueloDTO.class
22-05-18_13:18:00 (main) INFO  [DataNucleus.SchemaTool] - >>  C:\Users\PC\git\EasyBookingServer\EasyBookingServer\bin\DTO\FacturaDTO.class
22-05-18_13:18:00 (main) INFO  [DataNucleus.SchemaTool] - >>  C:\Users\PC\git\EasyBookingServer\EasyBookingServer\bin\DTO\UsuarioDTO.class
22-05-18_13:18:00 (main) INFO  [DataNucleus.SchemaTool] - >>  C:\Users\PC\git\EasyBookingServer\EasyBookingServer\bin\DTO\VueloDTO.class
22-05-18_13:18:00 (main) INFO  [DataNucleus.SchemaTool] - >>  C:\Users\PC\git\EasyBookingServer\EasyBookingServer\bin\Data\Usuario.class
22-05-18_13:18:00 (main) INFO  [DataNucleus.SchemaTool] - >>  C:\Users\PC\git\EasyBookingServer\EasyBookingServer\bin\Data\Vuelo.class
22-05-18_13:18:00 (main) INFO  [DataNucleus.SchemaTool] - >>  C:\Users\PC\git\EasyBookingServer\EasyBookingServer\bin\Remote\IRemoteFacade.class
22-05-18_13:18:00 (main) INFO  [DataNucleus.SchemaTool] - >>  C:\Users\PC\git\EasyBookingServer\EasyBookingServer\bin\Remote\RemoteFacade.class
22-05-18_13:18:00 (main) INFO  [DataNucleus.SchemaTool] - >>  C:\Users\PC\git\EasyBookingServer\EasyBookingServer\bin\Server\Main.class
22-05-18_13:18:00 (main) INFO  [DataNucleus.SchemaTool] - >>  C:\Users\PC\git\EasyBookingServer\EasyBookingServer\bin\Services\AuthorisationService.class
22-05-18_13:18:00 (main) INFO  [DataNucleus.SchemaTool] - >>  C:\Users\PC\git\EasyBookingServer\EasyBookingServer\bin\Services\PaymentService.class
22-05-18_13:18:00 (main) INFO  [DataNucleus.SchemaTool] - >>  C:\Users\PC\git\EasyBookingServer\EasyBookingServer\bin\Services\UsuarioService.class
22-05-18_13:18:00 (main) INFO  [DataNucleus.SchemaTool] - >>  C:\Users\PC\git\EasyBookingServer\EasyBookingServer\bin\Services\VueloService.class
22-05-18_13:18:00 (main) INFO  [DataNucleus.SchemaTool] - >>  C:\Users\PC\git\EasyBookingServer\EasyBookingServer\bin\Utils\AuthorisationAssembler.class
22-05-18_13:18:00 (main) INFO  [DataNucleus.SchemaTool] - >>  C:\Users\PC\git\EasyBookingServer\EasyBookingServer\bin\Utils\PaymentAssembler.class
22-05-18_13:18:00 (main) INFO  [DataNucleus.SchemaTool] - >>  C:\Users\PC\git\EasyBookingServer\EasyBookingServer\bin\Utils\VueloAssembler.class
22-05-18_13:18:01 (main) INFO  [DataNucleus.SchemaTool] - DataNucleus SchemaTool ha terminado con exito
